Mon Mar  2 21:53:15 2020	1	1	0	0	0	0	0
Mon Mar  2 21:53:19 2020	1	1	0	0	0	0	0
Mon Mar  2 21:53:22 2020	1	1	1	0	0	0	0
Mon Mar  2 21:53:50 2020	1	1	0	0	0	0	0
Mon Mar  2 21:53:51 2020	1	1	0	0	0	0	0
Mon Mar  2 21:53:55 2020	1	1	1	0	0	0	0
Mon Mar  2 21:54:49 2020	1	1	1	0	0	0	0
Mon Mar  2 21:55:08 2020	3	0	0	1	1	3	3
Mon Mar  2 22:03:20 2020	4	0	0	1	1	4	4
Mon Mar  2 22:03:26 2020	4	0	0	1	1	4	4
Mon Mar  2 22:03:52 2020	4	0	0	1	1	4	4
Mon Mar  2 22:13:56 2020	1	1	0	0	0	0	0
Mon Mar  2 22:14:03 2020	1	1	0	0	0	0	0
Mon Mar  2 22:14:24 2020	1	1	0	0	0	0	0
Mon Mar  2 22:14:34 2020	1	1	0	0	0	0	0
Mon Mar  2 22:14:35 2020	1	1	0	0	0	0	0
Mon Mar  2 22:14:37 2020	1	1	0	0	0	0	0
Mon Mar  2 22:19:35 2020	1	1	0	0	0	0	0
Mon Mar  2 22:19:36 2020	1	1	0	0	0	0	0
Mon Mar  2 22:20:42 2020	1	1	0	0	0	0	0
Mon Mar  2 22:20:44 2020	1	1	0	0	0	0	0
Mon Mar  2 22:22:30 2020	1	1	0	0	0	0	0
Mon Mar  2 22:25:22 2020	1	1	1	0	0	0	0
Mon Mar  2 22:25:34 2020	1	1	0	0	0	0	0
Mon Mar  2 22:25:43 2020	1	1	1	0	0	0	0
Mon Mar  2 22:26:09 2020	1	1	0	0	0	0	0
Mon Mar  2 22:26:11 2020	1	1	0	0	0	0	0
Mon Mar  2 22:26:16 2020	1	1	1	0	0	0	0
Mon Mar  2 22:26:36 2020	1	1	1	0	0	0	0
Mon Mar  2 22:29:11 2020	1	1	0	0	0	0	0
Mon Mar  2 22:29:14 2020	1	1	1	0	0	0	0
Mon Mar  2 22:29:46 2020	1	1	1	0	0	0	0
Mon Mar  2 22:33:20 2020	1	1	0	0	0	0	0
Mon Mar  2 22:34:27 2020	1	1	0	0	0	0	0
Mon Mar  2 22:34:30 2020	1	1	1	0	0	0	0
Mon Mar  2 22:35:15 2020	1	1	1	0	0	0	0
Mon Mar  2 22:35:23 2020	1	1	1	0	0	0	0
Mon Mar  2 22:35:39 2020	1	1	1	0	0	0	0
Mon Mar  2 22:35:44 2020	1	1	1	0	0	0	0
Mon Mar  2 22:36:28 2020	1	1	0	0	0	0	0
Mon Mar  2 22:36:29 2020	1	1	0	0	0	0	0
Mon Mar  2 22:36:32 2020	1	1	1	0	0	0	0
Mon Mar  2 22:36:37 2020	1	1	1	0	0	0	0
Mon Mar  2 22:36:39 2020	1	1	1	0	0	0	0
Mon Mar  2 22:37:04 2020	1	1	0	0	0	0	0
Mon Mar  2 22:37:11 2020	1	1	1	0	0	0	0
Mon Mar  2 22:37:17 2020	1	1	0	0	0	0	0
Mon Mar  2 22:37:20 2020	1	1	0	0	0	0	0
Mon Mar  2 22:37:26 2020	1	1	1	0	0	0	0
Mon Mar  2 22:37:35 2020	3	0	0	1	0	3	0
Mon Mar  2 22:37:39 2020	1	1	1	0	0	0	0
Mon Mar  2 22:37:42 2020	1	1	0	0	0	0	0
Mon Mar  2 22:38:10 2020	1	1	1	0	0	0	0
Mon Mar  2 22:38:28 2020	1	1	1	0	0	0	0
Mon Mar  2 22:38:40 2020	1	1	0	0	0	0	0
Mon Mar  2 22:38:46 2020	1	1	0	0	0	0	0
Mon Mar  2 22:38:49 2020	1	1	0	0	0	0	0
Mon Mar  2 22:38:53 2020	1	1	0	0	0	0	0
Mon Mar  2 22:39:33 2020	1	1	1	0	0	0	0
Mon Mar  2 22:39:37 2020	1	1	0	0	0	0	0
Mon Mar  2 22:39:39 2020	1	1	0	0	0	0	0
Mon Mar  2 22:39:44 2020	1	1	1	0	0	0	0
Mon Mar  2 22:39:50 2020	1	1	0	0	0	0	0
Mon Mar  2 22:39:53 2020	1	1	0	0	0	0	0
Mon Mar  2 22:40:03 2020	1	1	0	0	0	0	0
Mon Mar  2 22:42:54 2020	1	1	1	0	0	0	0
Mon Mar  2 23:12:13 2020	1	1	0	0	0	0	0
Mon Mar  2 23:14:54 2020	1	1	0	0	0	0	0
Mon Mar  2 23:17:00 2020	1	1	0	0	0	0	0
Mon Mar  2 23:17:25 2020	1	1	0	0	0	0	0
Mon Mar  2 23:17:32 2020	1	1	0	0	0	0	0
Mon Mar  2 23:17:42 2020	1	1	1	0	0	0	0
Mon Mar  2 23:18:03 2020	1	1	0	0	0	0	0
Mon Mar  2 23:18:11 2020	1	1	1	0	0	0	0
Mon Mar  2 23:18:29 2020	1	1	1	0	0	0	0
Mon Mar  2 23:18:34 2020	1	1	0	0	0	0	0
Mon Mar  2 23:18:37 2020	1	1	0	0	0	0	0
Mon Mar  2 23:18:42 2020	1	1	0	0	0	0	0
Mon Mar  2 23:18:52 2020	1	1	0	0	0	0	0
Mon Mar  2 23:18:59 2020	1	1	0	0	0	0	0
Mon Mar  2 23:19:03 2020	1	1	0	0	0	0	0
Mon Mar  2 23:19:09 2020	1	1	0	0	0	0	0
Mon Mar  2 23:19:12 2020	1	1	1	0	0	0	0
Mon Mar  2 23:19:18 2020	1	1	0	0	0	0	0
Mon Mar  2 23:19:21 2020	1	1	1	0	0	0	0
Mon Mar  2 23:19:28 2020	1	1	0	0	0	0	0
Mon Mar  2 23:19:33 2020	1	1	0	0	0	0	0
Mon Mar  2 23:19:37 2020	1	1	0	0	0	0	0
Mon Mar  2 23:19:44 2020	1	1	1	0	0	0	0
Mon Mar  2 23:20:23 2020	1	1	0	0	0	0	0
Mon Mar  2 23:20:34 2020	1	1	0	0	0	0	0
Mon Mar  2 23:21:10 2020	1	1	0	0	0	0	0
Mon Mar  2 23:21:16 2020	1	1	1	0	0	0	0
Mon Mar  2 23:23:06 2020	1	1	0	0	0	0	0
Mon Mar  2 23:23:12 2020	1	1	1	0	0	0	0
Mon Mar  2 23:23:21 2020	1	1	1	0	0	0	0
Mon Mar  2 23:29:00 2020	1	1	0	0	0	0	0
Mon Mar  2 23:29:12 2020	1	1	0	0	0	0	0
Mon Mar  2 23:29:15 2020	1	1	0	0	0	0	0
Mon Mar  2 23:29:22 2020	1	1	0	0	0	0	0
Mon Mar  2 23:29:39 2020	1	1	0	0	0	0	0
Mon Mar  2 23:29:46 2020	1	1	0	0	0	0	0
Mon Mar  2 23:29:49 2020	1	1	0	0	0	0	0
Mon Mar  2 23:29:50 2020	1	1	0	0	0	0	0
Mon Mar  2 23:29:51 2020	1	1	0	0	0	0	0
Mon Mar  2 23:29:53 2020	1	1	0	0	0	0	0
Mon Mar  2 23:29:58 2020	1	1	0	0	0	0	0
Mon Mar  2 23:30:02 2020	1	1	1	0	0	0	0
